This is pdfTeX, Version 3.14159265-2.6-1.40.15 (MiKTeX 2.9 64-bit) (preloaded format=pdflatex 2016.3.8)  9 MAR 2016 17:52
entering extended mode
**main.tex
(main.tex
LaTeX2e <2014/05/01>
Babel <3.9l> and hyphenation patterns for 68 languages loaded.
("C:\Program Files\MiKTeX 2.9\tex\latex\base\article.cls"
Document Class: article 2014/09/29 v1.4h Standard LaTeX document class
("C:\Program Files\MiKTeX 2.9\tex\latex\base\size10.clo"
File: size10.clo 2014/09/29 v1.4h Standard LaTeX file (size option)
)
\c@part=\count79
\c@section=\count80
\c@subsection=\count81
\c@subsubsection=\count82
\c@paragraph=\count83
\c@subparagraph=\count84
\c@figure=\count85
\c@table=\count86
\abovecaptionskip=\skip41
\belowcaptionskip=\skip42
\bibindent=\dimen102
)
("C:\Program Files\MiKTeX 2.9\tex\latex\graphics\graphicx.sty"
Package: graphicx 2014/10/28 v1.0g Enhanced LaTeX Graphics (DPC,SPQR)

("C:\Program Files\MiKTeX 2.9\tex\latex\graphics\keyval.sty"
Package: keyval 2014/10/28 v1.15 key=value parser (DPC)
\KV@toks@=\toks14
)
("C:\Program Files\MiKTeX 2.9\tex\latex\graphics\graphics.sty"
Package: graphics 2014/10/28 v1.0p Standard LaTeX Graphics (DPC,SPQR)

("C:\Program Files\MiKTeX 2.9\tex\latex\graphics\trig.sty"
Package: trig 1999/03/16 v1.09 sin cos tan (DPC)
)
("C:\Program Files\MiKTeX 2.9\tex\latex\00miktex\graphics.cfg"
File: graphics.cfg 2007/01/18 v1.5 graphics configuration of teTeX/TeXLive
)
Package graphics Info: Driver file: pdftex.def on input line 91.

("C:\Program Files\MiKTeX 2.9\tex\latex\pdftex-def\pdftex.def"
File: pdftex.def 2011/05/27 v0.06d Graphics/color for pdfTeX

("C:\Program Files\MiKTeX 2.9\tex\generic\oberdiek\infwarerr.sty"
Package: infwarerr 2010/04/08 v1.3 Providing info/warning/error messages (HO)
)
("C:\Program Files\MiKTeX 2.9\tex\generic\oberdiek\ltxcmds.sty"
Package: ltxcmds 2011/11/09 v1.22 LaTeX kernel commands for general use (HO)
)
\Gread@gobject=\count87
))
\Gin@req@height=\dimen103
\Gin@req@width=\dimen104
)
("C:\Program Files\MiKTeX 2.9\tex\latex\oberdiek\grffile.sty"
Package: grffile 2012/04/05 v1.16 Extended file name support for graphics (HO)

("C:\Program Files\MiKTeX 2.9\tex\generic\oberdiek\ifpdf.sty"
Package: ifpdf 2011/01/30 v2.3 Provides the ifpdf switch (HO)
Package ifpdf Info: pdfTeX in PDF mode is detected.
)
("C:\Program Files\MiKTeX 2.9\tex\generic\ifxetex\ifxetex.sty"
Package: ifxetex 2010/09/12 v0.6 Provides ifxetex conditional
)
("C:\Program Files\MiKTeX 2.9\tex\latex\oberdiek\kvoptions.sty"
Package: kvoptions 2011/06/30 v3.11 Key value format for package options (HO)

("C:\Program Files\MiKTeX 2.9\tex\generic\oberdiek\kvsetkeys.sty"
Package: kvsetkeys 2012/04/25 v1.16 Key value parser (HO)

("C:\Program Files\MiKTeX 2.9\tex\generic\oberdiek\etexcmds.sty"
Package: etexcmds 2011/02/16 v1.5 Avoid name clashes with e-TeX commands (HO)

("C:\Program Files\MiKTeX 2.9\tex\generic\oberdiek\ifluatex.sty"
Package: ifluatex 2010/03/01 v1.3 Provides the ifluatex switch (HO)
Package ifluatex Info: LuaTeX not detected.
)
Package etexcmds Info: Could not find \expanded.
(etexcmds)             That can mean that you are not using pdfTeX 1.50 or
(etexcmds)             that some package has redefined \expanded.
(etexcmds)             In the latter case, load this package earlier.
)))
("C:\Program Files\MiKTeX 2.9\tex\generic\oberdiek\pdftexcmds.sty"
Package: pdftexcmds 2011/11/29 v0.20 Utility functions of pdfTeX for LuaTeX (HO
)
Package pdftexcmds Info: LuaTeX not detected.
Package pdftexcmds Info: \pdf@primitive is available.
Package pdftexcmds Info: \pdf@ifprimitive is available.
Package pdftexcmds Info: \pdfdraftmode found.
)
Package grffile Info: Option `multidot' is set to `true'.
Package grffile Info: Option `extendedchars' is set to `false'.
Package grffile Info: Option `space' is set to `true'.
Package grffile Info: \Gin@ii of package `graphicx' fixed on input line 486.
)
("C:\Program Files\MiKTeX 2.9\tex\latex\base\fontenc.sty"
Package: fontenc 2005/09/27 v1.99g Standard LaTeX package

("C:\Program Files\MiKTeX 2.9\tex\latex\base\t1enc.def"
File: t1enc.def 2005/09/27 v1.99g Standard LaTeX file
LaTeX Font Info:    Redeclaring font encoding T1 on input line 43.
))
("C:\Program Files\MiKTeX 2.9\tex\latex\babel\babel.sty"
Package: babel 2014/09/25 3.9l The Babel package

*************************************
* Local config file bblopts.cfg used
*
("C:\Program Files\MiKTeX 2.9\tex\latex\00miktex\bblopts.cfg"
File: bblopts.cfg 2006/07/31 v1.0 MiKTeX 'babel' configuration
)
("C:\Program Files\MiKTeX 2.9\tex\latex\babel-english\english.ldf"
Language: english 2012/08/20 v3.3p English support from the babel system

("C:\Program Files\MiKTeX 2.9\tex\latex\babel\babel.def"
File: babel.def 2014/09/25 3.9l Babel common definitions
\babel@savecnt=\count88
\U@D=\dimen105
)
\l@canadian = a dialect from \language\l@american 
\l@australian = a dialect from \language\l@british 
\l@newzealand = a dialect from \language\l@british 
)) (main.aux)
LaTeX Font Info:    Checking defaults for OML/cmm/m/it on input line 38.
LaTeX Font Info:    ... okay on input line 38.
LaTeX Font Info:    Checking defaults for T1/cmr/m/n on input line 38.
LaTeX Font Info:    ... okay on input line 38.
LaTeX Font Info:    Checking defaults for OT1/cmr/m/n on input line 38.
LaTeX Font Info:    ... okay on input line 38.
LaTeX Font Info:    Checking defaults for OMS/cmsy/m/n on input line 38.
LaTeX Font Info:    ... okay on input line 38.
LaTeX Font Info:    Checking defaults for OMX/cmex/m/n on input line 38.
LaTeX Font Info:    ... okay on input line 38.
LaTeX Font Info:    Checking defaults for U/cmr/m/n on input line 38.
LaTeX Font Info:    ... okay on input line 38.

("C:\Program Files\MiKTeX 2.9\tex\context\base\supp-pdf.mkii"
[Loading MPS to PDF converter (version 2006.09.02).]
\scratchcounter=\count89
\scratchdimen=\dimen106
\scratchbox=\box26
\nofMPsegments=\count90
\nofMParguments=\count91
\everyMPshowfont=\toks15
\MPscratchCnt=\count92
\MPscratchDim=\dimen107
\MPnumerator=\count93
\makeMPintoPDFobject=\count94
\everyMPtoPDFconversion=\toks16
)
LaTeX Font Info:    External font `cmex10' loaded for size
(Font)              <12> on input line 39.
LaTeX Font Info:    External font `cmex10' loaded for size
(Font)              <8> on input line 39.
LaTeX Font Info:    External font `cmex10' loaded for size
(Font)              <6> on input line 39.
LaTeX Font Info:    Try loading font information for T1+cmtt on input line 39.
 ("C:\Program Files\MiKTeX 2.9\tex\latex\base\t1cmtt.fd"
File: t1cmtt.fd 2014/09/29 v2.5h Standard LaTeX font definitions
)
<Pictures/up_logo.png, id=1, 376.40625pt x 112.92188pt>
File: Pictures/up_logo.png Graphic file (type png)

<use Pictures/up_logo.png>
Package pdftex.def Info: Pictures/up_logo.png used on input line 41.
(pdftex.def)             Requested size: 345.0pt x 103.50685pt.
 [1

{C:/ProgramData/MiKTeX/2.9/pdftex/config/pdftex.map} <./Pictures/up_logo.png>] 
(main.toc
LaTeX Font Info:    External font `cmex10' loaded for size
(Font)              <7> on input line 9.
LaTeX Font Info:    External font `cmex10' loaded for size
(Font)              <5> on input line 9.
)
\tf@toc=\write3
 [2] [1]
Overfull \hbox (1.07353pt too wide) in paragraph at lines 102--102
[]\T1/cmr/bx/n/14.4 Functional re-quire-ments and ap-pli-ca-tion de-sign 
 []

[2] [3]
LaTeX Font Info:    Try loading font information for OMS+cmr on input line 140.

 ("C:\Program Files\MiKTeX 2.9\tex\latex\base\omscmr.fd"
File: omscmr.fd 2014/09/29 v2.5h Standard LaTeX font definitions
)
LaTeX Font Info:    Font shape `OMS/cmr/m/n' in size <10> not available
(Font)              Font shape `OMS/cmsy/m/n' tried instead on input line 140.
 [4]
<Pictures/5.2.png, id=30, 481.8pt x 446.66875pt>
File: Pictures/5.2.png Graphic file (type png)
 <use Pictures/5.2.png>
Package pdftex.def Info: Pictures/5.2.png used on input line 212.
(pdftex.def)             Requested size: 345.0pt x 319.84964pt.

[5] [6 <./Pictures/5.2.png (PNG copy)>]
<Pictures/Add A Paper Use Case.png, id=38, 755.82375pt x 356.33125pt>
File: Pictures/Add A Paper Use Case.png Graphic file (type png)

<use Pictures/Add A Paper Use Case.png>
Package pdftex.def Info: Pictures/Add A Paper Use Case.png used on input line 2
20.
(pdftex.def)             Requested size: 345.0pt x 162.64749pt.

<Pictures/Edit a Paper Use Case.png, id=39, 775.89874pt x 396.48125pt>
File: Pictures/Edit a Paper Use Case.png Graphic file (type png)

<use Pictures/Edit a Paper Use Case.png>
Package pdftex.def Info: Pictures/Edit a Paper Use Case.png used on input line 
225.
(pdftex.def)             Requested size: 345.0pt x 176.29747pt.

<Pictures/View a paper Use Case.png, id=40, 455.7025pt x 292.09125pt>
File: Pictures/View a paper Use Case.png Graphic file (type png)

<use Pictures/View a paper Use Case.png>
Package pdftex.def Info: Pictures/View a paper Use Case.png used on input line 
231.
(pdftex.def)             Requested size: 345.0pt x 221.14037pt.


LaTeX Warning: `h' float specifier changed to `ht'.

[7 <./Pictures/Add A Paper Use Case.png (PNG copy)> <./Pictures/Edit a Paper Us
e Case.png (PNG copy)>] [8 <./Pictures/View a paper Use Case.png (PNG copy)>]
<Pictures/Activity diagram-Add a paper.png, id=47, 944.52875pt x 657.45625pt>
File: Pictures/Activity diagram-Add a paper.png Graphic file (type png)

<use Pictures/Activity diagram-Add a paper.png>
Package pdftex.def Info: Pictures/Activity diagram-Add a paper.png used on inpu
t line 243.
(pdftex.def)             Requested size: 345.0pt x 240.1451pt.

<Pictures/Activity diagram_Edit a paper.png, id=48, 743.77875pt x 400.49625pt>
File: Pictures/Activity diagram_Edit a paper.png Graphic file (type png)

<use Pictures/Activity diagram_Edit a paper.png>
Package pdftex.def Info: Pictures/Activity diagram_Edit a paper.png used on inp
ut line 247.
(pdftex.def)             Requested size: 345.0pt x 185.7705pt.

<Pictures/Activity.Login.jpg, id=49, 927.465pt x 283.0575pt>
File: Pictures/Activity.Login.jpg Graphic file (type jpg)

<use Pictures/Activity.Login.jpg>
Package pdftex.def Info: Pictures/Activity.Login.jpg used on input line 251.
(pdftex.def)             Requested size: 345.0pt x 105.2911pt.

<Pictures/Request.Paper.jpg, id=50, 764.8575pt x 241.90375pt>
File: Pictures/Request.Paper.jpg Graphic file (type jpg)

<use Pictures/Request.Paper.jpg>
Package pdftex.def Info: Pictures/Request.Paper.jpg used on input line 255.
(pdftex.def)             Requested size: 345.0pt x 109.11406pt.
 [9

 <./Pictures/Activity diagram-Add a paper.png (PNG copy)>] [10 <./Pictures/Acti
vity diagram_Edit a paper.png (PNG copy)> <./Pictures/Activity.Login.jpg> <./Pi
ctures/Request.Paper.jpg>]
<Pictures/5-5.png, id=57, 1163.34625pt x 678.535pt>
File: Pictures/5-5.png Graphic file (type png)
 <use Pictures/5-5.png>
Package pdftex.def Info: Pictures/5-5.png used on input line 264.
(pdftex.def)             Requested size: 345.0pt x 201.22215pt.

Underfull \hbox (badness 10000) in paragraph at lines 274--276

 []

[11 <./Pictures/5-5.png (PNG copy)>]
Overfull \hbox (1.07353pt too wide) in paragraph at lines 295--295
[]\T1/cmr/bx/n/14.4 Functional re-quire-ments and ap-pli-ca-tion de-sign 
 []

[12] (main.aux) )
(\end occurred inside a group at level 1)

### simple group (level 1) entered at line 274 ({)
### bottom level 
Here is how much of TeX's memory you used:
 2143 strings out of 493698
 29381 string characters out of 3144398
 91343 words of memory out of 3000000
 5454 multiletter control sequences out of 15000+200000
 12844 words of font info for 32 fonts, out of 3000000 for 9000
 1025 hyphenation exceptions out of 8191
 36i,6n,23p,1248b,298s stack positions out of 5000i,500n,10000p,200000b,50000s
{C:/Program Files/MiKTeX 2.9/fonts/enc/dvips/cm-super/cm-super-
t1.enc}<C:/Program Files/MiKTeX 2.9/fonts/type1/public/amsfonts/cm/cmsy10.pfb><
C:/Program Files/MiKTeX 2.9/fonts/type1/public/cm-super/sfbx1000.pfb><C:/Progra
m Files/MiKTeX 2.9/fonts/type1/public/cm-super/sfbx1200.pfb><C:/Program Files/M
iKTeX 2.9/fonts/type1/public/cm-super/sfbx1440.pfb><C:/Program Files/MiKTeX 2.9
/fonts/type1/public/cm-super/sfrm0900.pfb><C:/Program Files/MiKTeX 2.9/fonts/ty
pe1/public/cm-super/sfrm1000.pfb><C:/Program Files/MiKTeX 2.9/fonts/type1/publi
c/cm-super/sfrm1200.pfb><C:/Program Files/MiKTeX 2.9/fonts/type1/public/cm-supe
r/sfrm1728.pfb><C:/Program Files/MiKTeX 2.9/fonts/type1/public/cm-super/sftt120
0.pfb>
Output written on main.pdf (14 pages, 454940 bytes).
PDF statistics:
 95 PDF objects out of 1000 (max. 8388607)
 0 named destinations out of 1000 (max. 500000)
 51 words of extra memory for PDF output out of 10000 (max. 10000000)

